[ 2018-01-05T11:36:51+08:00 ] ::1 /trans/index.php/Home/AddTask/addTask.html
INFO: [ app_init ] --START--
INFO: Run Behavior\BuildLiteBehavior [ RunTime:0.000016s ]
INFO: [ app_init ] --END-- [ RunTime:0.062787s ]
INFO: [ app_begin ] --START--
INFO: Run Behavior\ReadHtmlCacheBehavior [ RunTime:0.059645s ]
INFO: [ app_begin ] --END-- [ RunTime:0.059717s ]
NOTIC: [2] Missing argument 1 for Think\Controller::show(), called in D:\XAMPP\htdocs\trans\Application\Home\Controller\AddTaskController.class.php on line 12 and defined D:\XAMPP\htdocs\trans\ThinkPHP\Library\Think\Controller.class.php 第 68 行.
NOTIC: [8] Undefined variable: content D:\XAMPP\htdocs\trans\ThinkPHP\Library\Think\Controller.class.php 第 69 行.
INFO: [ view_parse ] --START--
INFO: [ template_filter ] --START--
INFO: Run Behavior\ContentReplaceBehavior [ RunTime:0.000143s ]
INFO: [ template_filter ] --END-- [ RunTime:0.000186s ]
NOTIC: [8] Undefined index: userId D:\XAMPP\htdocs\trans\Application\Runtime\Cache\Home\940e8626127bc430ad53a02c9ab0fb67.php 第 68 行.
NOTIC: [8] Undefined index: userId D:\XAMPP\htdocs\trans\Application\Runtime\Cache\Home\940e8626127bc430ad53a02c9ab0fb67.php 第 84 行.
NOTIC: [8] Undefined index: userId D:\XAMPP\htdocs\trans\Application\Runtime\Cache\Home\940e8626127bc430ad53a02c9ab0fb67.php 第 98 行.
INFO: Run Behavior\ParseTemplateBehavior [ RunTime:0.476194s ]
INFO: [ view_parse ] --END-- [ RunTime:0.476247s ]
INFO: [ view_filter ] --START--
INFO: Run Behavior\WriteHtmlCacheBehavior [ RunTime:0.034357s ]
INFO: [ view_filter ] --END-- [ RunTime:0.034413s ]
INFO: [ app_end ] --START--
INFO: Run Behavior\ShowPageTraceBehavior [ RunTime:0.020927s ]
INFO: [ app_end ] --END-- [ RunTime:0.021005s ]

[ 2018-01-05T11:36:53+08:00 ] ::1 /trans/index.php/Home/NearBy/nearBy.html
INFO: [ app_init ] --START--
INFO: Run Behavior\BuildLiteBehavior [ RunTime:0.000008s ]
INFO: [ app_init ] --END-- [ RunTime:0.000383s ]
INFO: [ app_begin ] --START--
INFO: Run Behavior\ReadHtmlCacheBehavior [ RunTime:0.003273s ]
INFO: [ app_begin ] --END-- [ RunTime:0.003370s ]
NOTIC: [2] Missing argument 1 for Think\Controller::show(), called in D:\XAMPP\htdocs\trans\Application\Home\Controller\NearByController.class.php on line 7 and defined D:\XAMPP\htdocs\trans\ThinkPHP\Library\Think\Controller.class.php 第 68 行.
NOTIC: [8] Undefined variable: content D:\XAMPP\htdocs\trans\ThinkPHP\Library\Think\Controller.class.php 第 69 行.
INFO: [ view_parse ] --START--
INFO: [ template_filter ] --START--
INFO: Run Behavior\ContentReplaceBehavior [ RunTime:0.000168s ]
INFO: [ template_filter ] --END-- [ RunTime:0.000204s ]
NOTIC: [8] Undefined index: userId D:\XAMPP\htdocs\trans\Application\Runtime\Cache\Home\afe89444812327ae90d4d33c083a6211.php 第 68 行.
NOTIC: [8] Undefined index: userId D:\XAMPP\htdocs\trans\Application\Runtime\Cache\Home\afe89444812327ae90d4d33c083a6211.php 第 84 行.
NOTIC: [8] Undefined index: userId D:\XAMPP\htdocs\trans\Application\Runtime\Cache\Home\afe89444812327ae90d4d33c083a6211.php 第 98 行.
INFO: Run Behavior\ParseTemplateBehavior [ RunTime:0.183659s ]
INFO: [ view_parse ] --END-- [ RunTime:0.183695s ]
INFO: [ view_filter ] --START--
INFO: Run Behavior\WriteHtmlCacheBehavior [ RunTime:0.000321s ]
INFO: [ view_filter ] --END-- [ RunTime:0.000347s ]
INFO: [ app_end ] --START--
INFO: Run Behavior\ShowPageTraceBehavior [ RunTime:0.000697s ]
INFO: [ app_end ] --END-- [ RunTime:0.000739s ]

[ 2018-01-05T11:36:55+08:00 ] ::1 /trans/index.php/Home/AddTask/addTask.html
INFO: [ app_init ] --START--
INFO: Run Behavior\BuildLiteBehavior [ RunTime:0.000009s ]
INFO: [ app_init ] --END-- [ RunTime:0.000502s ]
INFO: [ app_begin ] --START--
INFO: Run Behavior\ReadHtmlCacheBehavior [ RunTime:0.001533s ]
INFO: [ app_begin ] --END-- [ RunTime:0.001639s ]
NOTIC: [2] Missing argument 1 for Think\Controller::show(), called in D:\XAMPP\htdocs\trans\Application\Home\Controller\AddTaskController.class.php on line 12 and defined D:\XAMPP\htdocs\trans\ThinkPHP\Library\Think\Controller.class.php 第 68 行.
NOTIC: [8] Undefined variable: content D:\XAMPP\htdocs\trans\ThinkPHP\Library\Think\Controller.class.php 第 69 行.
INFO: [ view_parse ] --START--
INFO: [ template_filter ] --START--
INFO: Run Behavior\ContentReplaceBehavior [ RunTime:0.000169s ]
INFO: [ template_filter ] --END-- [ RunTime:0.000228s ]
NOTIC: [8] Undefined index: userId D:\XAMPP\htdocs\trans\Application\Runtime\Cache\Home\940e8626127bc430ad53a02c9ab0fb67.php 第 68 行.
NOTIC: [8] Undefined index: userId D:\XAMPP\htdocs\trans\Application\Runtime\Cache\Home\940e8626127bc430ad53a02c9ab0fb67.php 第 84 行.
NOTIC: [8] Undefined index: userId D:\XAMPP\htdocs\trans\Application\Runtime\Cache\Home\940e8626127bc430ad53a02c9ab0fb67.php 第 98 行.
INFO: Run Behavior\ParseTemplateBehavior [ RunTime:0.082069s ]
INFO: [ view_parse ] --END-- [ RunTime:0.082122s ]
INFO: [ view_filter ] --START--
INFO: Run Behavior\WriteHtmlCacheBehavior [ RunTime:0.001320s ]
INFO: [ view_filter ] --END-- [ RunTime:0.001380s ]
INFO: [ app_end ] --START--
INFO: Run Behavior\ShowPageTraceBehavior [ RunTime:0.003861s ]
INFO: [ app_end ] --END-- [ RunTime:0.004079s ]

[ 2018-01-05T11:37:13+08:00 ] ::1 /trans/index.php/Home/SelfCenter/selfCenter.html
INFO: [ app_init ] --START--
INFO: Run Behavior\BuildLiteBehavior [ RunTime:0.000010s ]
INFO: [ app_init ] --END-- [ RunTime:0.000629s ]
INFO: [ app_begin ] --START--
INFO: Run Behavior\ReadHtmlCacheBehavior [ RunTime:0.004102s ]
INFO: [ app_begin ] --END-- [ RunTime:0.004262s ]
NOTIC: [2] Missing argument 1 for Think\Controller::show(), called in D:\XAMPP\htdocs\trans\Application\Home\Controller\SelfCenterController.class.php on line 7 and defined D:\XAMPP\htdocs\trans\ThinkPHP\Library\Think\Controller.class.php 第 68 行.
NOTIC: [8] Undefined variable: content D:\XAMPP\htdocs\trans\ThinkPHP\Library\Think\Controller.class.php 第 69 行.
INFO: [ view_parse ] --START--
INFO: [ template_filter ] --START--
INFO: Run Behavior\ContentReplaceBehavior [ RunTime:0.000594s ]
INFO: [ template_filter ] --END-- [ RunTime:0.001020s ]
NOTIC: [8] Undefined index: userId D:\XAMPP\htdocs\trans\Application\Runtime\Cache\Home\ad613a0d4d853d70bc4dac4fd0cccbe5.php 第 68 行.
NOTIC: [8] Undefined index: userId D:\XAMPP\htdocs\trans\Application\Runtime\Cache\Home\ad613a0d4d853d70bc4dac4fd0cccbe5.php 第 84 行.
NOTIC: [8] Undefined index: userId D:\XAMPP\htdocs\trans\Application\Runtime\Cache\Home\ad613a0d4d853d70bc4dac4fd0cccbe5.php 第 98 行.
INFO: Run Behavior\ParseTemplateBehavior [ RunTime:0.102774s ]
INFO: [ view_parse ] --END-- [ RunTime:0.102813s ]
INFO: [ view_filter ] --START--
INFO: Run Behavior\WriteHtmlCacheBehavior [ RunTime:0.000986s ]
INFO: [ view_filter ] --END-- [ RunTime:0.001034s ]
INFO: [ app_end ] --START--
INFO: Run Behavior\ShowPageTraceBehavior [ RunTime:0.008392s ]
INFO: [ app_end ] --END-- [ RunTime:0.008557s ]

[ 2018-01-05T11:37:16+08:00 ] ::1 /trans/index.php/Home/TaskList/taskList.html
INFO: [ app_init ] --START--
INFO: Run Behavior\BuildLiteBehavior [ RunTime:0.000011s ]
INFO: [ app_init ] --END-- [ RunTime:0.000759s ]
INFO: [ app_begin ] --START--
INFO: Run Behavior\ReadHtmlCacheBehavior [ RunTime:0.001151s ]
INFO: [ app_begin ] --END-- [ RunTime:0.001230s ]
NOTIC: [2] Missing argument 1 for Think\Controller::show(), called in D:\XAMPP\htdocs\trans\Application\Home\Controller\TaskListController.class.php on line 7 and defined D:\XAMPP\htdocs\trans\ThinkPHP\Library\Think\Controller.class.php 第 68 行.
NOTIC: [8] Undefined variable: content D:\XAMPP\htdocs\trans\ThinkPHP\Library\Think\Controller.class.php 第 69 行.
INFO: [ view_parse ] --START--
INFO: [ template_filter ] --START--
INFO: Run Behavior\ContentReplaceBehavior [ RunTime:0.000284s ]
INFO: [ template_filter ] --END-- [ RunTime:0.000593s ]
NOTIC: [8] Undefined index: userId D:\XAMPP\htdocs\trans\Application\Runtime\Cache\Home\d7d5298cf0bc5aaf1c7a8c5c18642b8b.php 第 68 行.
NOTIC: [8] Undefined index: userId D:\XAMPP\htdocs\trans\Application\Runtime\Cache\Home\d7d5298cf0bc5aaf1c7a8c5c18642b8b.php 第 84 行.
NOTIC: [8] Undefined index: userId D:\XAMPP\htdocs\trans\Application\Runtime\Cache\Home\d7d5298cf0bc5aaf1c7a8c5c18642b8b.php 第 98 行.
INFO: Run Behavior\ParseTemplateBehavior [ RunTime:0.232355s ]
INFO: [ view_parse ] --END-- [ RunTime:0.232399s ]
INFO: [ view_filter ] --START--
INFO: Run Behavior\WriteHtmlCacheBehavior [ RunTime:0.001036s ]
INFO: [ view_filter ] --END-- [ RunTime:0.001089s ]
INFO: [ app_end ] --START--
INFO: Run Behavior\ShowPageTraceBehavior [ RunTime:0.001150s ]
INFO: [ app_end ] --END-- [ RunTime:0.001214s ]

[ 2018-01-05T11:37:16+08:00 ] ::1 /trans/index.php/Home/TaskList/getTaskList
INFO: [ app_init ] --START--
INFO: Run Behavior\BuildLiteBehavior [ RunTime:0.000013s ]
INFO: [ app_init ] --END-- [ RunTime:0.000536s ]
INFO: [ app_begin ] --START--
INFO: Run Behavior\ReadHtmlCacheBehavior [ RunTime:0.000688s ]
INFO: [ app_begin ] --END-- [ RunTime:0.000741s ]
SQL: select * FROM task where task_carrier = 0 having substring(task_time,1,11)> 2018-01-05 [ RunTime:0.0453s ]
INFO: [ app_end ] --START--
INFO: Run Behavior\ShowPageTraceBehavior [ RunTime:0.002153s ]
INFO: [ app_end ] --END-- [ RunTime:0.002305s ]

[ 2018-01-05T11:37:24+08:00 ] ::1 /trans/index.php/Home/NearBy/nearBy.html
INFO: [ app_init ] --START--
INFO: Run Behavior\BuildLiteBehavior [ RunTime:0.000023s ]
INFO: [ app_init ] --END-- [ RunTime:0.000399s ]
INFO: [ app_begin ] --START--
INFO: Run Behavior\ReadHtmlCacheBehavior [ RunTime:0.000604s ]
INFO: [ app_begin ] --END-- [ RunTime:0.000657s ]
NOTIC: [2] Missing argument 1 for Think\Controller::show(), called in D:\XAMPP\htdocs\trans\Application\Home\Controller\NearByController.class.php on line 7 and defined D:\XAMPP\htdocs\trans\ThinkPHP\Library\Think\Controller.class.php 第 68 行.
NOTIC: [8] Undefined variable: content D:\XAMPP\htdocs\trans\ThinkPHP\Library\Think\Controller.class.php 第 69 行.
INFO: [ view_parse ] --START--
INFO: [ template_filter ] --START--
INFO: Run Behavior\ContentReplaceBehavior [ RunTime:0.000244s ]
INFO: [ template_filter ] --END-- [ RunTime:0.000321s ]
NOTIC: [8] Undefined index: userId D:\XAMPP\htdocs\trans\Application\Runtime\Cache\Home\afe89444812327ae90d4d33c083a6211.php 第 68 行.
NOTIC: [8] Undefined index: userId D:\XAMPP\htdocs\trans\Application\Runtime\Cache\Home\afe89444812327ae90d4d33c083a6211.php 第 84 行.
NOTIC: [8] Undefined index: userId D:\XAMPP\htdocs\trans\Application\Runtime\Cache\Home\afe89444812327ae90d4d33c083a6211.php 第 98 行.
INFO: Run Behavior\ParseTemplateBehavior [ RunTime:0.083321s ]
INFO: [ view_parse ] --END-- [ RunTime:0.083353s ]
INFO: [ view_filter ] --START--
INFO: Run Behavior\WriteHtmlCacheBehavior [ RunTime:0.000330s ]
INFO: [ view_filter ] --END-- [ RunTime:0.000357s ]
INFO: [ app_end ] --START--
INFO: Run Behavior\ShowPageTraceBehavior [ RunTime:0.001127s ]
INFO: [ app_end ] --END-- [ RunTime:0.001224s ]

[ 2018-01-05T11:38:06+08:00 ] ::1 /trans/index.php/Home/NearBy/nearBy.html
INFO: [ app_init ] --START--
INFO: Run Behavior\BuildLiteBehavior [ RunTime:0.000009s ]
INFO: [ app_init ] --END-- [ RunTime:0.000452s ]
INFO: [ app_begin ] --START--
INFO: Run Behavior\ReadHtmlCacheBehavior [ RunTime:0.001042s ]
INFO: [ app_begin ] --END-- [ RunTime:0.001079s ]
NOTIC: [2] Missing argument 1 for Think\Controller::show(), called in D:\XAMPP\htdocs\trans\Application\Home\Controller\NearByController.class.php on line 7 and defined D:\XAMPP\htdocs\trans\ThinkPHP\Library\Think\Controller.class.php 第 68 行.
NOTIC: [8] Undefined variable: content D:\XAMPP\htdocs\trans\ThinkPHP\Library\Think\Controller.class.php 第 69 行.
INFO: [ view_parse ] --START--
INFO: [ template_filter ] --START--
INFO: Run Behavior\ContentReplaceBehavior [ RunTime:0.000167s ]
INFO: [ template_filter ] --END-- [ RunTime:0.000207s ]
NOTIC: [8] Undefined index: userId D:\XAMPP\htdocs\trans\Application\Runtime\Cache\Home\afe89444812327ae90d4d33c083a6211.php 第 68 行.
NOTIC: [8] Undefined index: userId D:\XAMPP\htdocs\trans\Application\Runtime\Cache\Home\afe89444812327ae90d4d33c083a6211.php 第 84 行.
NOTIC: [8] Undefined index: userId D:\XAMPP\htdocs\trans\Application\Runtime\Cache\Home\afe89444812327ae90d4d33c083a6211.php 第 98 行.
INFO: Run Behavior\ParseTemplateBehavior [ RunTime:0.054662s ]
INFO: [ view_parse ] --END-- [ RunTime:0.054696s ]
INFO: [ view_filter ] --START--
INFO: Run Behavior\WriteHtmlCacheBehavior [ RunTime:0.001356s ]
INFO: [ view_filter ] --END-- [ RunTime:0.001393s ]
INFO: [ app_end ] --START--
INFO: Run Behavior\ShowPageTraceBehavior [ RunTime:0.002688s ]
INFO: [ app_end ] --END-- [ RunTime:0.002880s ]

