[ 2018-01-06T10:15:44+08:00 ] ::1 /trans/index.php/ditu.google.cn/maps/api/js-key=AIzaSyAy-PboZ3O_A25CcJ9eoiSrKokTnWyAmt8.js
INFO: [ app_init ] --START--
INFO: Run Behavior\BuildLiteBehavior [ RunTime:0.000014s ]
INFO: [ app_init ] --END-- [ RunTime:0.000484s ]
ERR: 无法加载模块:Ditu.google.cn

[ 2018-01-06T10:15:45+08:00 ] ::1 /trans/index.php/ditu.google.cn/maps/api/js-key=AIzaSyAy-PboZ3O_A25CcJ9eoiSrKokTnWyAmt8.js
INFO: [ app_init ] --START--
INFO: Run Behavior\BuildLiteBehavior [ RunTime:0.000029s ]
INFO: [ app_init ] --END-- [ RunTime:0.001245s ]
ERR: 无法加载模块:Ditu.google.cn

[ 2018-01-06T10:16:12+08:00 ] ::1 /trans/index.php/ditu.google.cn/maps/api/js-key=AIzaSyAy-PboZ3O_A25CcJ9eoiSrKokTnWyAmt8.js
INFO: [ app_init ] --START--
INFO: Run Behavior\BuildLiteBehavior [ RunTime:0.000010s ]
INFO: [ app_init ] --END-- [ RunTime:0.000425s ]
ERR: 无法加载模块:Ditu.google.cn

[ 2018-01-06T10:16:12+08:00 ] ::1 /trans/index.php/ditu.google.cn/maps/api/js-key=AIzaSyAy-PboZ3O_A25CcJ9eoiSrKokTnWyAmt8.js
INFO: [ app_init ] --START--
INFO: Run Behavior\BuildLiteBehavior [ RunTime:0.000019s ]
INFO: [ app_init ] --END-- [ RunTime:0.000696s ]
ERR: 无法加载模块:Ditu.google.cn

