[ 2018-01-05T14:23:59+08:00 ] ::1 /trans/%7B%7B=it[x].task_pic1%7D%7D
INFO: [ app_init ] --START--
INFO: Run Behavior\BuildLiteBehavior [ RunTime:0.000009s ]
INFO: [ app_init ] --END-- [ RunTime:0.000498s ]
ERR: 无法加载模块:{{=it[x]

[ 2018-01-05T15:24:43+08:00 ] ::1 /trans/null
INFO: [ app_init ] --START--
INFO: Run Behavior\BuildLiteBehavior [ RunTime:0.000018s ]
INFO: [ app_init ] --END-- [ RunTime:0.001532s ]
ERR: 无法加载模块:Null

[ 2018-01-05T15:34:53+08:00 ] ::1 /trans//uploads/taskPic1/2018-01-04/5a4e2929f3fc4.jpg
INFO: [ app_init ] --START--
INFO: Run Behavior\BuildLiteBehavior [ RunTime:0.000015s ]
INFO: [ app_init ] --END-- [ RunTime:0.000681s ]
ERR: 无法加载模块:Uploads

[ 2018-01-05T15:34:53+08:00 ] ::1 /trans//uploads/taskPic1/2018-01-04/5a4e2929f2f2f.jpg
INFO: [ app_init ] --START--
INFO: Run Behavior\BuildLiteBehavior [ RunTime:0.000012s ]
INFO: [ app_init ] --END-- [ RunTime:0.000593s ]
ERR: 无法加载模块:Uploads

[ 2018-01-05T15:42:29+08:00 ] ::1 /trans//uploads/taskPic1/2018-01-04/5a4e2929f3fc4.jpg
INFO: [ app_init ] --START--
INFO: Run Behavior\BuildLiteBehavior [ RunTime:0.000010s ]
INFO: [ app_init ] --END-- [ RunTime:0.000515s ]
ERR: 无法加载模块:Uploads

[ 2018-01-05T15:42:29+08:00 ] ::1 /trans//uploads/taskPic1/2018-01-04/5a4e2929f2f2f.jpg
INFO: [ app_init ] --START--
INFO: Run Behavior\BuildLiteBehavior [ RunTime:0.000012s ]
INFO: [ app_init ] --END-- [ RunTime:0.000773s ]
ERR: 无法加载模块:Uploads

[ 2018-01-05T15:42:35+08:00 ] ::1 /trans//uploads/taskPic1/2018-01-04/5a4e2929f2f2f.jpg
INFO: [ app_init ] --START--
INFO: Run Behavior\BuildLiteBehavior [ RunTime:0.000013s ]
INFO: [ app_init ] --END-- [ RunTime:0.000874s ]
ERR: 无法加载模块:Uploads

[ 2018-01-05T15:42:35+08:00 ] ::1 /trans//uploads/taskPic1/2018-01-04/5a4e2929f3fc4.jpg
INFO: [ app_init ] --START--
INFO: Run Behavior\BuildLiteBehavior [ RunTime:0.000010s ]
INFO: [ app_init ] --END-- [ RunTime:0.000549s ]
ERR: 无法加载模块:Uploads

[ 2018-01-05T15:59:04+08:00 ] ::1 /trans//uploads/taskPic1/2018-01-04/5a4e294f2bf10.jpg
INFO: [ app_init ] --START--
INFO: Run Behavior\BuildLiteBehavior [ RunTime:0.000016s ]
INFO: [ app_init ] --END-- [ RunTime:0.003543s ]
ERR: 无法加载模块:Uploads

[ 2018-01-05T15:59:04+08:00 ] ::1 /trans//uploads/taskPic1/2018-01-04/5a4e294f2dc34.jpg
INFO: [ app_init ] --START--
INFO: Run Behavior\BuildLiteBehavior [ RunTime:0.000021s ]
INFO: [ app_init ] --END-- [ RunTime:0.001559s ]
ERR: 无法加载模块:Uploads

[ 2018-01-05T17:15:03+08:00 ] ::1 /trans//uploads/taskPic1/2018-01-04/5a4e294f2bf10.jpg
INFO: [ app_init ] --START--
INFO: Run Behavior\BuildLiteBehavior [ RunTime:0.000027s ]
INFO: [ app_init ] --END-- [ RunTime:0.001710s ]
ERR: 无法加载模块:Uploads

[ 2018-01-05T17:23:55+08:00 ] ::1 /trans//uploads/taskPic1/2018-01-04/5a4e2929f2f2f.jpg
INFO: [ app_init ] --START--
INFO: Run Behavior\BuildLiteBehavior [ RunTime:0.000018s ]
INFO: [ app_init ] --END-- [ RunTime:0.000710s ]
ERR: 无法加载模块:Uploads

[ 2018-01-05T17:23:55+08:00 ] ::1 /trans//uploads/taskPic1/2018-01-04/5a4e2929f3fc4.jpg
INFO: [ app_init ] --START--
INFO: Run Behavior\BuildLiteBehavior [ RunTime:0.000013s ]
INFO: [ app_init ] --END-- [ RunTime:0.000506s ]
ERR: 无法加载模块:Uploads

